H:\PROJECTC\PROJECTC\PROJECTC\DEBUG\MYFUNCTION.OBJ
H:\PROJECTC\PROJECTC\PROJECTC\DEBUG\PROJECTC.OBJ
H:\PROJECTC\PROJECTC\PROJECTC\DEBUG\VC110.PDB
H:\PROJECTC\PROJECTC\DEBUG\PROJECTC.ILK
H:\PROJECTC\PROJECTC\DEBUG\PROJECTC.EXE
H:\PROJECTC\PROJECTC\DEBUG\PROJECTC.PDB
C:\Users\asus\Desktop\projet c\biblio\ProjectC\ProjectC\ProjectC\Debug\MyFunction.obj
C:\Users\asus\Desktop\projet c\biblio\ProjectC\ProjectC\ProjectC\Debug\ProjectC.obj
C:\Users\asus\Desktop\projet c\biblio\ProjectC\ProjectC\ProjectC\Debug\cl.command.1.tlog
C:\Users\asus\Desktop\projet c\biblio\ProjectC\ProjectC\ProjectC\Debug\CL.read.1.tlog
C:\Users\asus\Desktop\projet c\biblio\ProjectC\ProjectC\ProjectC\Debug\CL.write.1.tlog
C:\Users\asus\Desktop\projet c\biblio\ProjectC\ProjectC\ProjectC\Debug\link-cvtres.read.1.tlog
C:\Users\asus\Desktop\projet c\biblio\ProjectC\ProjectC\ProjectC\Debug\link-cvtres.write.1.tlog
C:\Users\asus\Desktop\projet c\biblio\ProjectC\ProjectC\ProjectC\Debug\link-rc.read.1.tlog
C:\Users\asus\Desktop\projet c\biblio\ProjectC\ProjectC\ProjectC\Debug\link-rc.write.1.tlog
C:\Users\asus\Desktop\projet c\biblio\ProjectC\ProjectC\ProjectC\Debug\link.command.1.tlog
C:\Users\asus\Desktop\projet c\biblio\ProjectC\ProjectC\ProjectC\Debug\link.read.1.tlog
C:\Users\asus\Desktop\projet c\biblio\ProjectC\ProjectC\ProjectC\Debug\link.write.1.tlog
C:\Users\asus\Desktop\projet c\biblio\ProjectC\ProjectC\ProjectC\Debug\vc110.idb
C:\Users\asus\Desktop\projet c\biblio\ProjectC\ProjectC\ProjectC\Debug\vc110.pdb
C:\Users\asus\Desktop\projet c\biblio\ProjectC\ProjectC\Debug\ProjectC.pdb
C:\Users\asus\Desktop\projet c\biblio\ProjectC\ProjectC\Debug\ProjectC.exe
C:\Users\asus\Desktop\projet c\biblio\ProjectC\ProjectC\Debug\ProjectC.ilk
